2000.07.04 02:31 B D:\NUinterphaze-site\images\bitzanime.gif --> www.interphaze.org /home/thorsten/public_html/images bitzanime.gif
2000.07.04 02:31 B D:\NUinterphaze-site\images\bitzframe1.gif --> www.interphaze.org /home/thorsten/public_html/images bitzframe1.gif
2000.07.04 02:31 B D:\NUinterphaze-site\images\bitzframe2.gif --> www.interphaze.org /home/thorsten/public_html/images bitzframe2.gif
2000.07.04 02:31 B D:\NUinterphaze-site\images\bitzframe3.gif --> www.interphaze.org /home/thorsten/public_html/images bitzframe3.gif
2000.07.04 02:31 B D:\NUinterphaze-site\images\bitzframe4.gif --> www.interphaze.org /home/thorsten/public_html/images bitzframe4.gif
2000.07.04 02:31 B D:\NUinterphaze-site\images\bitzframe5.gif --> www.interphaze.org /home/thorsten/public_html/images bitzframe5.gif
2000.07.04 02:31 B D:\NUinterphaze-site\images\bitzframe6.gif --> www.interphaze.org /home/thorsten/public_html/images bitzframe6.gif
2000.07.04 02:31 B D:\NUinterphaze-site\images\bitzframe7.gif --> www.interphaze.org /home/thorsten/public_html/images bitzframe7.gif
2000.07.04 02:31 B D:\NUinterphaze-site\images\comixanime.gif --> www.interphaze.org /home/thorsten/public_html/images comixanime.gif
2000.07.04 02:31 B D:\NUinterphaze-site\images\comixanimebutton.gif --> www.interphaze.org /home/thorsten/public_html/images comixanimebutton.gif
2000.07.04 02:31 B D:\NUinterphaze-site\images\comixframe1.gif --> www.interphaze.org /home/thorsten/public_html/images comixframe1.gif
2000.07.04 02:31 B D:\NUinterphaze-site\images\comixframe2.gif --> www.interphaze.org /home/thorsten/public_html/images comixframe2.gif
2000.07.04 02:31 B D:\NUinterphaze-site\images\comixframe3.gif --> www.interphaze.org /home/thorsten/public_html/images comixframe3.gif
2000.07.04 02:31 B D:\NUinterphaze-site\images\comixframe4.gif --> www.interphaze.org /home/thorsten/public_html/images comixframe4.gif
2000.07.04 02:31 B D:\NUinterphaze-site\images\computer3.gif --> www.interphaze.org /home/thorsten/public_html/images computer3.gif
2000.07.04 02:31 B D:\NUinterphaze-site\images\computer4.gif --> www.interphaze.org /home/thorsten/public_html/images computer4.gif
2000.07.04 02:31 B D:\NUinterphaze-site\images\girrlie.gif --> www.interphaze.org /home/thorsten/public_html/images girrlie.gif
2000.07.04 02:31 B D:\NUinterphaze-site\images\interphaze-title.gif --> www.interphaze.org /home/thorsten/public_html/images interphaze-title.gif
2000.07.04 02:31 B D:\NUinterphaze-site\images\musicanime.gif --> www.interphaze.org /home/thorsten/public_html/images musicanime.gif
2000.07.04 02:31 B D:\NUinterphaze-site\images\musicframe1bw.gif --> www.interphaze.org /home/thorsten/public_html/images musicframe1bw.gif
2000.07.04 02:31 B D:\NUinterphaze-site\images\musicframe2bw.gif --> www.interphaze.org /home/thorsten/public_html/images musicframe2bw.gif
2000.07.04 02:31 B D:\NUinterphaze-site\images\musicframe3bw.gif --> www.interphaze.org /home/thorsten/public_html/images musicframe3bw.gif
2000.07.04 02:31 B D:\NUinterphaze-site\images\musicframe4bw.gif --> www.interphaze.org /home/thorsten/public_html/images musicframe4bw.gif
2000.07.04 02:31 B D:\NUinterphaze-site\images\musicframe5bw.gif --> www.interphaze.org /home/thorsten/public_html/images musicframe5bw.gif
2000.07.04 02:31 B D:\NUinterphaze-site\images\musicframe6bw.gif --> www.interphaze.org /home/thorsten/public_html/images musicframe6bw.gif
2000.07.04 02:31 B D:\NUinterphaze-site\images\wordzanime.gif --> www.interphaze.org /home/thorsten/public_html/images wordzanime.gif
2000.07.04 02:31 B D:\NUinterphaze-site\images\wordzfram1.gif --> www.interphaze.org /home/thorsten/public_html/images wordzfram1.gif
2000.07.04 02:31 B D:\NUinterphaze-site\images\wordzfram2.gif --> www.interphaze.org /home/thorsten/public_html/images wordzfram2.gif
2000.07.04 02:31 B D:\NUinterphaze-site\images\wordzfram3.gif --> www.interphaze.org /home/thorsten/public_html/images wordzfram3.gif
2000.07.04 02:45 B D:\NUinterphaze-site\images\WS_FTP.LOG --> www.interphaze.org /home/thorsten/public_html/images WS_FTP.LOG
2000.07.04 23:21 B D:\NUinterphaze-site\images\interphaze-title.gif --> www.interphaze.org /home/thorsten/public_html/images interphaze-title.gif
